mode: set
github.com/baza-winner/bwcore/bwexec/bwexec.go:23.13,45.2 1 1
github.com/baza-winner/bwcore/bwexec/bwexec.go:52.48,54.2 1 1
github.com/baza-winner/bwcore/bwexec/bwexec.go:56.70,58.21 2 1
github.com/baza-winner/bwcore/bwexec/bwexec.go:61.2,68.41 6 1
github.com/baza-winner/bwcore/bwexec/bwexec.go:71.2,74.16 3 1
github.com/baza-winner/bwcore/bwexec/bwexec.go:77.2,80.16 3 1
github.com/baza-winner/bwcore/bwexec/bwexec.go:83.2,89.12 4 1
github.com/baza-winner/bwcore/bwexec/bwexec.go:100.2,100.12 1 1
github.com/baza-winner/bwcore/bwexec/bwexec.go:111.2,111.36 1 1
github.com/baza-winner/bwcore/bwexec/bwexec.go:116.2,117.35 2 1
github.com/baza-winner/bwcore/bwexec/bwexec.go:130.2,131.76 2 1
github.com/baza-winner/bwcore/bwexec/bwexec.go:134.2,134.77 1 1
github.com/baza-winner/bwcore/bwexec/bwexec.go:137.2,137.21 1 1
github.com/baza-winner/bwcore/bwexec/bwexec.go:140.2,140.65 1 1
github.com/baza-winner/bwcore/bwexec/bwexec.go:143.2,147.15 4 1
github.com/baza-winner/bwcore/bwexec/bwexec.go:58.21,60.3 1 0
github.com/baza-winner/bwcore/bwexec/bwexec.go:68.41,70.3 1 0
github.com/baza-winner/bwcore/bwexec/bwexec.go:74.16,76.3 1 0
github.com/baza-winner/bwcore/bwexec/bwexec.go:80.16,82.3 1 0
github.com/baza-winner/bwcore/bwexec/bwexec.go:89.12,90.28 1 1
github.com/baza-winner/bwcore/bwexec/bwexec.go:90.28,94.44 3 1
github.com/baza-winner/bwcore/bwexec/bwexec.go:94.44,96.5 1 0
github.com/baza-winner/bwcore/bwexec/bwexec.go:100.12,101.28 1 1
github.com/baza-winner/bwcore/bwexec/bwexec.go:101.28,105.44 3 1
github.com/baza-winner/bwcore/bwexec/bwexec.go:105.44,107.5 1 0
github.com/baza-winner/bwcore/bwexec/bwexec.go:111.36,113.3 1 0
github.com/baza-winner/bwcore/bwexec/bwexec.go:117.35,118.47 1 1
github.com/baza-winner/bwcore/bwexec/bwexec.go:118.47,119.60 1 1
github.com/baza-winner/bwcore/bwexec/bwexec.go:119.60,121.5 1 1
github.com/baza-winner/bwcore/bwexec/bwexec.go:121.10,124.5 2 0
github.com/baza-winner/bwcore/bwexec/bwexec.go:125.9,127.4 1 0
github.com/baza-winner/bwcore/bwexec/bwexec.go:131.76,133.3 1 0
github.com/baza-winner/bwcore/bwexec/bwexec.go:134.77,136.3 1 0
github.com/baza-winner/bwcore/bwexec/bwexec.go:137.21,139.3 1 0
github.com/baza-winner/bwcore/bwexec/bwexec.go:140.65,142.3 1 0
